[debug] [2019-03-13T15:22:20.819Z] ----------------------------------------------------------------------
[debug] [2019-03-13T15:22:20.855Z] Command:       C:\Program Files\nodejs\node.exe C:\Users\Bladimir\AppData\Roaming\npm\node_modules\firebase-tools\lib\bin\firebase.js serve
[debug] [2019-03-13T15:22:20.855Z] CLI Version:   6.5.0
[debug] [2019-03-13T15:22:20.855Z] Platform:      win32
[debug] [2019-03-13T15:22:20.855Z] Node Version:  v10.15.1
[debug] [2019-03-13T15:22:21.130Z] Time:          Wed Mar 13 2019 11:22:20 GMT-0400 (GMT-04:00)
[debug] [2019-03-13T15:22:21.130Z] ----------------------------------------------------------------------
[debug] 
[debug] [2019-03-13T15:22:21.222Z] > command requires scopes: ["email","openid","https://www.googleapis.com/auth/cloudplatformprojects.readonly","https://www.googleapis.com/auth/firebase","https://www.googleapis.com/auth/cloud-platform"]
[debug] [2019-03-13T15:22:21.223Z] > authorizing via signed-in user
[debug] [2019-03-13T15:22:21.224Z] [iam] checking project la-mandarina for permissions ["firebase.projects.get"]
[debug] [2019-03-13T15:22:21.228Z] >>> HTTP REQUEST POST https://cloudresourcemanager.googleapis.com/v1/projects/la-mandarina:testIamPermissions  

[debug] [2019-03-13T15:22:23.810Z] <<< HTTP RESPONSE 200
[debug] [2019-03-13T15:22:23.813Z] >>> HTTP REQUEST GET https://cloudresourcemanager.googleapis.com/v1/projects/la-mandarina  
 
[debug] [2019-03-13T15:22:24.522Z] <<< HTTP RESPONSE 200
[info] 
[info] === Serving from 'C:\Users\Bladimir\Desktop\pro\ProyectoSI'...
[info] 
[debug] [2019-03-13T15:22:24.572Z] >>> HTTP REQUEST GET https://mobilesdk-pa.googleapis.com/v1/projects/345266150675/clients/_:getWebAppConfig  
 
[debug] [2019-03-13T15:22:26.052Z] <<< HTTP RESPONSE 200
[info] i  hosting: Serving hosting files from: dist/proyectoSi
[info] +  hosting: Local server: http://localhost:5000
